<?xml version="1.0" encoding="UTF-8"?>
<!-- Generated by org.testng.reporters.JUnitReportReporter -->
<testsuite skipped="0" hostname="Debalina" name="com.tests.LoginTest" tests="2" failures="0" timestamp="03 Sep 2019 21:05:49 GMT" time="40.375" errors="0">
  <testcase name="freeCrmTitleTest" time="19.462" classname="com.tests.LoginTest"/>
  <testcase name="freemCRMLogoTest" time="20.913" classname="com.tests.LoginTest"/>
</testsuite> <!-- com.tests.LoginTest -->
